<?xml version="1.0" encoding="UTF-8"?>
<!-- Generated by org.testng.reporters.JUnitReportReporter -->
<testsuite skipped="0" hostname="PURNA-PC" name="com.tootris.testcases.TC_004_HomepageAddsection1" tests="1" failures="0" timestamp="24 Nov 2019 21:56:13 GMT" time="0.481" errors="0">
  <testcase name="addsections" time="0.481" classname="com.tootris.testcases.TC_004_HomepageAddsection1"/>
</testsuite> <!-- com.tootris.testcases.TC_004_HomepageAddsection1 -->
