<?xml version="1.0" encoding="UTF-8"?>
<!-- Generated by org.testng.reporters.JUnitReportReporter -->
<testsuite skipped="0" hostname="PURNA-PC" name="com.tootris.testcases.TC_003_Homepage_Popularsection" tests="1" failures="0" timestamp="24 Nov 2019 21:56:13 GMT" time="1.248" errors="0">
  <testcase name="popularsection" time="1.248" classname="com.tootris.testcases.TC_003_Homepage_Popularsection"/>
</testsuite> <!-- com.tootris.testcases.TC_003_Homepage_Popularsection -->
