<?xml version="1.0" encoding="UTF-8"?>
<!-- Generated by org.testng.reporters.JUnitReportReporter -->
<testsuite skipped="0" hostname="PURNA-PC" name="com.tootris.testcases.TC_002_Homepage_Locations" tests="1" failures="0" timestamp="24 Nov 2019 21:56:13 GMT" time="7.574" errors="0">
  <testcase name="Locations" time="7.574" classname="com.tootris.testcases.TC_002_Homepage_Locations"/>
</testsuite> <!-- com.tootris.testcases.TC_002_Homepage_Locations -->
