<?xml version="1.0" encoding="UTF-8"?>
<!-- Generated by org.testng.reporters.JUnitReportReporter -->
<testsuite skipped="0" hostname="PURNA-PC" name="com.tootris.testcases.TC_001_Homepage_Attributes" tests="9" failures="0" timestamp="24 Nov 2019 21:56:13 GMT" time="0.970" errors="0">
  <testcase name="titleVerification" time="0.045" classname="com.tootris.testcases.TC_001_Homepage_Attributes"/>
  <testcase name="verifyHomePagewhytootrisAttribute" time="0.142" classname="com.tootris.testcases.TC_001_Homepage_Attributes"/>
  <testcase name="verifyHomePageaboutusAttribute" time="0.084" classname="com.tootris.testcases.TC_001_Homepage_Attributes"/>
  <testcase name="verifyHomePageloginAttribute" time="0.085" classname="com.tootris.testcases.TC_001_Homepage_Attributes"/>
  <testcase name="verifyHomepagesignup" time="0.064" classname="com.tootris.testcases.TC_001_Homepage_Attributes"/>
  <testcase name="verifyHomePagehelpAttribute" time="0.069" classname="com.tootris.testcases.TC_001_Homepage_Attributes"/>
  <testcase name="verifyHomePageappstoreAttribute" time="0.046" classname="com.tootris.testcases.TC_001_Homepage_Attributes"/>
  <testcase name="verifyHomePageplaystoreAttribute" time="0.048" classname="com.tootris.testcases.TC_001_Homepage_Attributes"/>
  <testcase name="dateverification" time="0.387" classname="com.tootris.testcases.TC_001_Homepage_Attributes"/>
</testsuite> <!-- com.tootris.testcases.TC_001_Homepage_Attributes -->
